2024-09-24T05:17:16.577Z P:9668 T:5192] SyncServiceImpl::ResetEngine,Reset engine with reason: 8
2024-09-24T05:17:16.577Z P:9668 T:5192] ModelLoadManager::Stop,Stopped: Bookmarks
2024-09-24T05:17:16.577Z P:9668 T:5192] ModelLoadManager::Stop,Stopped: Preferences
2024-09-24T05:17:16.577Z P:9668 T:5192] ModelLoadManager::Stop,Stopped: Passwords
2024-09-24T05:17:16.577Z P:9668 T:5192] ModelLoadManager::Stop,Stopped: Autofill Profiles
2024-09-24T05:17:16.577Z P:9668 T:5192] ModelLoadManager::Stop,Stopped: Autofill
2024-09-24T05:17:16.577Z P:9668 T:5192] ModelLoadManager::Stop,Stopped: Typed URLs
2024-09-24T05:17:16.577Z P:9668 T:5192] ModelLoadManager::Stop,Stopped: Extensions
2024-09-24T05:17:16.577Z P:9668 T:5192] ModelLoadManager::Stop,Stopped: Sessions
2024-09-24T05:17:16.577Z P:9668 T:5192] ModelLoadManager::Stop,Stopped: Extension settings
2024-09-24T05:17:16.577Z P:9668 T:5192] ModelLoadManager::Stop,Stopped: History Delete Directives
2024-09-24T05:17:16.577Z P:9668 T:5192] ModelLoadManager::Stop,Stopped: Device Info
2024-09-24T05:17:16.577Z P:9668 T:5192] ModelLoadManager::Stop,Stopped: User Consents
2024-09-24T05:17:16.577Z P:9668 T:5192] ModelLoadManager::Stop,Stopped: Send Tab To Self
2024-09-24T05:17:16.577Z P:9668 T:5192] ModelLoadManager::Stop,Stopped: Web Apps
2024-09-24T05:17:16.577Z P:9668 T:5192] ModelLoadManager::Stop,Stopped: History
2024-09-24T05:17:16.577Z P:9668 T:5192] ModelLoadManager::Stop,Stopped: Collection
2024-09-24T05:17:16.577Z P:9668 T:5192] ModelLoadManager::Stop,Stopped: Edge E Drop
2024-09-24T05:17:16.577Z P:9668 T:5192] ModelLoadManager::Stop,Stopped: Edge Hub App Usage
2024-09-24T05:17:16.577Z P:9668 T:5192] ModelLoadManager::Stop,Stopped: Edge Tab Group
2024-09-24T05:17:16.577Z P:9668 T:5192] ModelLoadManager::Stop,Stopped: Edge Wallet
2024-09-24T05:17:16.578Z P:9668 T:5192] SyncServiceImpl::Initialize,SyncState after authenticated was: NotSignedIn
2024-09-24T05:17:16.578Z P:9668 T:5192] SyncServiceImpl::ResetEngine,Reset engine with reason: 3
2024-09-24T05:17:16.578Z P:9668 T:5192] ModelLoadManager::Stop,Stopped: Bookmarks
2024-09-24T05:17:16.578Z P:9668 T:5192] ModelLoadManager::Stop,Stopped: Preferences
2024-09-24T05:17:16.578Z P:9668 T:5192] ModelLoadManager::Stop,Stopped: Passwords
2024-09-24T05:17:16.578Z P:9668 T:5192] ModelLoadManager::Stop,Stopped: Autofill Profiles
2024-09-24T05:17:16.578Z P:9668 T:5192] ModelLoadManager::Stop,Stopped: Autofill
2024-09-24T05:17:16.578Z P:9668 T:5192] ModelLoadManager::Stop,Stopped: Typed URLs
2024-09-24T05:17:16.578Z P:9668 T:5192] ModelLoadManager::Stop,Stopped: Extensions
2024-09-24T05:17:16.578Z P:9668 T:5192] ModelLoadManager::Stop,Stopped: Sessions
2024-09-24T05:17:16.578Z P:9668 T:5192] ModelLoadManager::Stop,Stopped: Extension settings
2024-09-24T05:17:16.578Z P:9668 T:5192] ModelLoadManager::Stop,Stopped: History Delete Directives
2024-09-24T05:17:16.578Z P:9668 T:5192] ModelLoadManager::Stop,Stopped: Device Info
2024-09-24T05:17:16.578Z P:9668 T:5192] ModelLoadManager::Stop,Stopped: User Consents
2024-09-24T05:17:16.578Z P:9668 T:5192] ModelLoadManager::Stop,Stopped: Send Tab To Self
2024-09-24T05:17:16.578Z P:9668 T:5192] ModelLoadManager::Stop,Stopped: Web Apps
2024-09-24T05:17:16.578Z P:9668 T:5192] ModelLoadManager::Stop,Stopped: History
2024-09-24T05:17:16.578Z P:9668 T:5192] ModelLoadManager::Stop,Stopped: Collection
2024-09-24T05:17:16.578Z P:9668 T:5192] ModelLoadManager::Stop,Stopped: Edge E Drop
2024-09-24T05:17:16.578Z P:9668 T:5192] ModelLoadManager::Stop,Stopped: Edge Hub App Usage
2024-09-24T05:17:16.578Z P:9668 T:5192] ModelLoadManager::Stop,Stopped: Edge Tab Group
2024-09-24T05:17:16.578Z P:9668 T:5192] ModelLoadManager::Stop,Stopped: Edge Wallet
2024-09-24T05:17:17.183Z P:9668 T:5192] SyncServiceImpl::ResetEngine,Reset engine with reason: 8
2024-09-24T05:17:17.183Z P:9668 T:5192] ModelLoadManager::Stop,Stopped: Bookmarks
2024-09-24T05:17:17.183Z P:9668 T:5192] ModelLoadManager::Stop,Stopped: Preferences
2024-09-24T05:17:17.183Z P:9668 T:5192] ModelLoadManager::Stop,Stopped: Passwords
2024-09-24T05:17:17.183Z P:9668 T:5192] ModelLoadManager::Stop,Stopped: Autofill Profiles
2024-09-24T05:17:17.183Z P:9668 T:5192] ModelLoadManager::Stop,Stopped: Autofill
2024-09-24T05:17:17.183Z P:9668 T:5192] ModelLoadManager::Stop,Stopped: Typed URLs
2024-09-24T05:17:17.183Z P:9668 T:5192] ModelLoadManager::Stop,Stopped: Extensions
2024-09-24T05:17:17.183Z P:9668 T:5192] ModelLoadManager::Stop,Stopped: Sessions
2024-09-24T05:17:17.183Z P:9668 T:5192] ModelLoadManager::Stop,Stopped: Extension settings
2024-09-24T05:17:17.183Z P:9668 T:5192] ModelLoadManager::Stop,Stopped: History Delete Directives
2024-09-24T05:17:17.183Z P:9668 T:5192] ModelLoadManager::Stop,Stopped: Device Info
2024-09-24T05:17:17.183Z P:9668 T:5192] ModelLoadManager::Stop,Stopped: User Consents
2024-09-24T05:17:17.183Z P:9668 T:5192] ModelLoadManager::Stop,Stopped: Send Tab To Self
2024-09-24T05:17:17.183Z P:9668 T:5192] ModelLoadManager::Stop,Stopped: Web Apps
2024-09-24T05:17:17.183Z P:9668 T:5192] ModelLoadManager::Stop,Stopped: History
2024-09-24T05:17:17.183Z P:9668 T:5192] ModelLoadManager::Stop,Stopped: Collection
2024-09-24T05:17:17.183Z P:9668 T:5192] ModelLoadManager::Stop,Stopped: Edge E Drop
2024-09-24T05:17:17.183Z P:9668 T:5192] ModelLoadManager::Stop,Stopped: Edge Hub App Usage
2024-09-24T05:17:17.183Z P:9668 T:5192] ModelLoadManager::Stop,Stopped: Edge Tab Group
2024-09-24T05:17:17.183Z P:9668 T:5192] ModelLoadManager::Stop,Stopped: Edge Wallet
